0 info it worked if it ends with ok
1 verbose cli [ 'node', '/usr/local/bin/npm', 'install', 'grunt', 'cli', '-g' ]
2 info using npm@1.4.28
3 info using node@v0.10.35
4 verbose cache add [ 'grunt', null ]
5 verbose cache add name=undefined spec="grunt" args=["grunt",null]
6 verbose parsed url { protocol: null,
6 verbose parsed url   slashes: null,
6 verbose parsed url   auth: null,
6 verbose parsed url   host: null,
6 verbose parsed url   port: null,
6 verbose parsed url   hostname: null,
6 verbose parsed url   hash: null,
6 verbose parsed url   search: null,
6 verbose parsed url   query: null,
6 verbose parsed url   pathname: 'grunt',
6 verbose parsed url   path: 'grunt',
6 verbose parsed url   href: 'grunt' }
7 verbose cache add [ 'cli', null ]
8 verbose cache add name=undefined spec="cli" args=["cli",null]
9 verbose parsed url { protocol: null,
9 verbose parsed url   slashes: null,
9 verbose parsed url   auth: null,
9 verbose parsed url   host: null,
9 verbose parsed url   port: null,
9 verbose parsed url   hostname: null,
9 verbose parsed url   hash: null,
9 verbose parsed url   search: null,
9 verbose parsed url   query: null,
9 verbose parsed url   pathname: 'cli',
9 verbose parsed url   path: 'cli',
9 verbose parsed url   href: 'cli' }
10 silly lockFile 20ff3fd8-grunt grunt
11 verbose lock grunt /Users/kaitlynsparks/.npm/20ff3fd8-grunt.lock
12 silly lockFile 2bd8e9c9-cli cli
13 verbose lock cli /Users/kaitlynsparks/.npm/2bd8e9c9-cli.lock
14 silly lockFile 2bd8e9c9-cli cli
15 silly lockFile 2bd8e9c9-cli cli
16 verbose addNamed [ 'cli', '' ]
17 verbose addNamed [ null, '*' ]
18 silly lockFile e0d27b0e-cli cli@
19 verbose lock cli@ /Users/kaitlynsparks/.npm/e0d27b0e-cli.lock
20 silly lockFile 20ff3fd8-grunt grunt
21 silly lockFile 20ff3fd8-grunt grunt
22 silly addNameRange { name: 'cli', range: '*', hasData: false }
23 verbose addNamed [ 'grunt', '' ]
24 verbose addNamed [ null, '*' ]
25 silly lockFile 55f1ff24-grunt grunt@
26 verbose lock grunt@ /Users/kaitlynsparks/.npm/55f1ff24-grunt.lock
27 silly addNameRange { name: 'grunt', range: '*', hasData: false }
28 verbose request where is /cli
29 verbose request registry https://registry.npmjs.org/
30 verbose request id 4e62bf8e75eb8c7a
31 verbose url raw /cli
32 verbose url resolving [ 'https://registry.npmjs.org/', './cli' ]
33 verbose url resolved https://registry.npmjs.org/cli
34 verbose request where is https://registry.npmjs.org/cli
35 info trying registry request attempt 1 at 23:41:58
36 verbose etag "E1UNMRP4I3GSG26LCA0OT0K7N"
37 http GET https://registry.npmjs.org/cli
38 verbose request where is /grunt
39 verbose request registry https://registry.npmjs.org/
40 verbose url raw /grunt
41 verbose url resolving [ 'https://registry.npmjs.org/', './grunt' ]
42 verbose url resolved https://registry.npmjs.org/grunt
43 verbose request where is https://registry.npmjs.org/grunt
44 info trying registry request attempt 1 at 23:41:58
45 verbose etag "EDQPOTRKCAPK6MG7C5HBWANV6"
46 http GET https://registry.npmjs.org/grunt
47 http 304 https://registry.npmjs.org/cli
48 silly registry.get cb [ 304,
48 silly registry.get   { date: 'Sat, 03 Jan 2015 05:41:58 GMT',
48 silly registry.get     server: 'Apache',
48 silly registry.get     via: '1.1 varnish',
48 silly registry.get     'last-modified': 'Sat, 03 Jan 2015 05:41:59 GMT',
48 silly registry.get     'cache-control': 'max-age=60',
48 silly registry.get     etag: '"E1UNMRP4I3GSG26LCA0OT0K7N"',
48 silly registry.get     age: '0',
48 silly registry.get     'x-served-by': 'cache-ord1730-ORD',
48 silly registry.get     'x-cache': 'HIT',
48 silly registry.get     'x-cache-hits': '1',
48 silly registry.get     'x-timer': 'S1420263718.931421,VS0,VE235',
48 silly registry.get     vary: 'Accept',
48 silly registry.get     'content-length': '0',
48 silly registry.get     'keep-alive': 'timeout=10, max=50',
48 silly registry.get     connection: 'Keep-Alive' } ]
49 verbose etag https://registry.npmjs.org/cli from cache
50 http 304 https://registry.npmjs.org/grunt
51 silly registry.get cb [ 304,
51 silly registry.get   { date: 'Sat, 03 Jan 2015 05:41:58 GMT',
51 silly registry.get     server: 'Apache',
51 silly registry.get     via: '1.1 varnish',
51 silly registry.get     'last-modified': 'Sat, 03 Jan 2015 05:41:59 GMT',
51 silly registry.get     'cache-control': 'max-age=60',
51 silly registry.get     etag: '"EDQPOTRKCAPK6MG7C5HBWANV6"',
51 silly registry.get     age: '0',
51 silly registry.get     'x-served-by': 'cache-ord1729-ORD',
51 silly registry.get     'x-cache': 'HIT',
51 silly registry.get     'x-cache-hits': '1',
51 silly registry.get     'x-timer': 'S1420263718.935154,VS0,VE269',
51 silly registry.get     vary: 'Accept',
51 silly registry.get     'content-length': '0',
51 silly registry.get     'keep-alive': 'timeout=10, max=50',
51 silly registry.get     connection: 'Keep-Alive' } ]
52 verbose etag https://registry.npmjs.org/grunt from cache
53 silly addNameRange number 2 { name: 'cli', range: '*', hasData: true }
54 silly addNameRange versions [ 'cli',
54 silly addNameRange   [ '0.1.0',
54 silly addNameRange     '0.1.1',
54 silly addNameRange     '0.1.3',
54 silly addNameRange     '0.1.4',
54 silly addNameRange     '0.1.5',
54 silly addNameRange     '0.1.6',
54 silly addNameRange     '0.1.7',
54 silly addNameRange     '0.1.8',
54 silly addNameRange     '0.1.9',
54 silly addNameRange     '0.2.0',
54 silly addNameRange     '0.2.1-1',
54 silly addNameRange     '0.2.2-1',
54 silly addNameRange     '0.2.3-1',
54 silly addNameRange     '0.2.3-2',
54 silly addNameRange     '0.2.3-3',
54 silly addNameRange     '0.2.3-4',
54 silly addNameRange     '0.2.3-5',
54 silly addNameRange     '0.2.4-1',
54 silly addNameRange     '0.2.4-2',
54 silly addNameRange     '0.2.5',
54 silly addNameRange     '0.2.6',
54 silly addNameRange     '0.2.7',
54 silly addNameRange     '0.2.8',
54 silly addNameRange     '0.3.0',
54 silly addNameRange     '0.3.1',
54 silly addNameRange     '0.3.2',
54 silly addNameRange     '0.3.3',
54 silly addNameRange     '0.3.4',
54 silly addNameRange     '0.3.5',
54 silly addNameRange     '0.3.6',
54 silly addNameRange     '0.3.7',
54 silly addNameRange     '0.3.8',
54 silly addNameRange     '0.3.9',
54 silly addNameRange     '0.4.0',
54 silly addNameRange     '0.4.1',
54 silly addNameRange     '0.4.2',
54 silly addNameRange     '0.4.3',
54 silly addNameRange     '0.4.4',
54 silly addNameRange     '0.4.4-1',
54 silly addNameRange     '0.4.4-2',
54 silly addNameRange     '0.4.5',
54 silly addNameRange     '0.5.0',
54 silly addNameRange     '0.6.0',
54 silly addNameRange     '0.6.2',
54 silly addNameRange     '0.6.3',
54 silly addNameRange     '0.6.4',
54 silly addNameRange     '0.6.5' ] ]
55 verbose addNamed [ 'cli', '0.6.5' ]
56 verbose addNamed [ '0.6.5', '0.6.5' ]
57 silly lockFile d370b45b-cli-0-6-5 cli@0.6.5
58 verbose lock cli@0.6.5 /Users/kaitlynsparks/.npm/d370b45b-cli-0-6-5.lock
59 silly addNameRange number 2 { name: 'grunt', range: '*', hasData: true }
60 silly addNameRange versions [ 'grunt',
60 silly addNameRange   [ '0.1.0',
60 silly addNameRange     '0.1.1',
60 silly addNameRange     '0.1.2',
60 silly addNameRange     '0.2.0',
60 silly addNameRange     '0.2.1',
60 silly addNameRange     '0.2.2',
60 silly addNameRange     '0.2.3',
60 silly addNameRange     '0.2.4',
60 silly addNameRange     '0.2.5',
60 silly addNameRange     '0.2.6',
60 silly addNameRange     '0.2.7',
60 silly addNameRange     '0.2.8',
60 silly addNameRange     '0.2.9',
60 silly addNameRange     '0.2.10',
60 silly addNameRange     '0.2.11',
60 silly addNameRange     '0.2.12',
60 silly addNameRange     '0.2.13',
60 silly addNameRange     '0.2.14',
60 silly addNameRange     '0.2.15',
60 silly addNameRange     '0.3.0',
60 silly addNameRange     '0.3.1',
60 silly addNameRange     '0.3.2',
60 silly addNameRange     '0.3.3',
60 silly addNameRange     '0.3.4',
60 silly addNameRange     '0.3.5',
60 silly addNameRange     '0.3.6',
60 silly addNameRange     '0.3.7',
60 silly addNameRange     '0.3.8',
60 silly addNameRange     '0.3.9',
60 silly addNameRange     '0.3.10',
60 silly addNameRange     '0.3.11',
60 silly addNameRange     '0.3.12',
60 silly addNameRange     '0.3.13',
60 silly addNameRange     '0.3.14',
60 silly addNameRange     '0.3.15',
60 silly addNameRange     '0.3.16',
60 silly addNameRange     '0.3.17',
60 silly addNameRange     '0.4.0',
60 silly addNameRange     '0.4.1',
60 silly addNameRange     '0.4.2',
60 silly addNameRange     '0.4.3',
60 silly addNameRange     '0.4.4',
60 silly addNameRange     '0.4.5',
60 silly addNameRange     '0.3.13-a',
60 silly addNameRange     '0.4.0-a',
60 silly addNameRange     '0.4.0-rc1',
60 silly addNameRange     '0.4.0-rc2',
60 silly addNameRange     '0.4.0-rc3',
60 silly addNameRange     '0.4.0-rc4',
60 silly addNameRange     '0.4.0-rc5',
60 silly addNameRange     '0.4.0-rc6',
60 silly addNameRange     '0.4.0-rc7',
60 silly addNameRange     '0.4.0-rc8' ] ]
61 verbose addNamed [ 'grunt', '0.4.5' ]
62 verbose addNamed [ '0.4.5', '0.4.5' ]
63 silly lockFile 81abf7ad-grunt-0-4-5 grunt@0.4.5
64 verbose lock grunt@0.4.5 /Users/kaitlynsparks/.npm/81abf7ad-grunt-0-4-5.lock
65 silly lockFile d370b45b-cli-0-6-5 cli@0.6.5
66 silly lockFile d370b45b-cli-0-6-5 cli@0.6.5
67 silly lockFile e0d27b0e-cli cli@
68 silly lockFile e0d27b0e-cli cli@
69 silly lockFile 81abf7ad-grunt-0-4-5 grunt@0.4.5
70 silly lockFile 81abf7ad-grunt-0-4-5 grunt@0.4.5
71 silly lockFile 55f1ff24-grunt grunt@
72 silly lockFile 55f1ff24-grunt grunt@
73 silly resolved [ { name: 'cli',
73 silly resolved     description: 'A tool for rapidly building command line apps',
73 silly resolved     version: '0.6.5',
73 silly resolved     homepage: 'http://github.com/chriso/cli',
73 silly resolved     keywords:
73 silly resolved      [ 'cli',
73 silly resolved        'command line',
73 silly resolved        'opts',
73 silly resolved        'parseopt',
73 silly resolved        'opt',
73 silly resolved        'args',
73 silly resolved        'console',
73 silly resolved        'argsparse',
73 silly resolved        'optparse',
73 silly resolved        'daemon',
73 silly resolved        'autocomplete',
73 silly resolved        'command',
73 silly resolved        'autocompletion' ],
73 silly resolved     author: { name: 'Chris O\'Hara', email: 'cohara87@gmail.com' },
73 silly resolved     main: 'cli.js',
73 silly resolved     bugs: { url: 'http://github.com/chriso/cli/issues' },
73 silly resolved     repository: { type: 'git', url: 'http://github.com/chriso/cli.git' },
73 silly resolved     dependencies: { glob: '~ 3.2.1', exit: '0.1.2' },
73 silly resolved     contributors: [ [Object] ],
73 silly resolved     engines: { node: '>=0.2.5' },
73 silly resolved     licenses: [ [Object] ],
73 silly resolved     gitHead: '18eca8df3813a399b2998dcb58e9a21af63caf4c',
73 silly resolved     _id: 'cli@0.6.5',
73 silly resolved     scripts: {},
73 silly resolved     _shasum: 'f4edda12dfa8d56d726b43b0b558e089b0d2a85c',
73 silly resolved     _from: 'cli@',
73 silly resolved     _npmVersion: '2.0.0',
73 silly resolved     _npmUser: { name: 'cohara87', email: 'cohara87@gmail.com' },
73 silly resolved     maintainers: [ [Object] ],
73 silly resolved     dist:
73 silly resolved      { shasum: 'f4edda12dfa8d56d726b43b0b558e089b0d2a85c',
73 silly resolved        tarball: 'http://registry.npmjs.org/cli/-/cli-0.6.5.tgz' },
73 silly resolved     directories: {},
73 silly resolved     _resolved: 'https://registry.npmjs.org/cli/-/cli-0.6.5.tgz',
73 silly resolved     readme: 'ERROR: No README data found!' },
73 silly resolved   { name: 'grunt',
73 silly resolved     description: 'The JavaScript Task Runner',
73 silly resolved     version: '0.4.5',
73 silly resolved     author: { name: '"Cowboy" Ben Alman', url: 'http://benalman.com/' },
73 silly resolved     homepage: 'http://gruntjs.com/',
73 silly resolved     repository: { type: 'git', url: 'git://github.com/gruntjs/grunt.git' },
73 silly resolved     bugs: { url: 'http://github.com/gruntjs/grunt/issues' },
73 silly resolved     licenses: [ [Object] ],
73 silly resolved     main: 'lib/grunt',
73 silly resolved     scripts: { test: 'grunt test' },
73 silly resolved     engines: { node: '>= 0.8.0' },
73 silly resolved     keywords:
73 silly resolved      [ 'task',
73 silly resolved        'async',
73 silly resolved        'cli',
73 silly resolved        'minify',
73 silly resolved        'uglify',
73 silly resolved        'build',
73 silly resolved        'lodash',
73 silly resolved        'unit',
73 silly resolved        'test',
73 silly resolved        'qunit',
73 silly resolved        'nodeunit',
73 silly resolved        'server',
73 silly resolved        'init',
73 silly resolved        'scaffold',
73 silly resolved        'make',
73 silly resolved        'jake',
73 silly resolved        'tool' ],
73 silly resolved     dependencies:
73 silly resolved      { async: '~0.1.22',
73 silly resolved        'coffee-script': '~1.3.3',
73 silly resolved        colors: '~0.6.2',
73 silly resolved        dateformat: '1.0.2-1.2.3',
73 silly resolved        eventemitter2: '~0.4.13',
73 silly resolved        'findup-sync': '~0.1.2',
73 silly resolved        glob: '~3.1.21',
73 silly resolved        hooker: '~0.2.3',
73 silly resolved        'iconv-lite': '~0.2.11',
73 silly resolved        minimatch: '~0.2.12',
73 silly resolved        nopt: '~1.0.10',
73 silly resolved        rimraf: '~2.2.8',
73 silly resolved        lodash: '~0.9.2',
73 silly resolved        'underscore.string': '~2.2.1',
73 silly resolved        which: '~1.0.5',
73 silly resolved        'js-yaml': '~2.0.5',
73 silly resolved        exit: '~0.1.1',
73 silly resolved        getobject: '~0.1.0',
73 silly resolved        'grunt-legacy-util': '~0.2.0',
73 silly resolved        'grunt-legacy-log': '~0.1.0' },
73 silly resolved     devDependencies:
73 silly resolved      { temporary: '~0.0.4',
73 silly resolved        'grunt-contrib-jshint': '~0.6.4',
73 silly resolved        'grunt-contrib-nodeunit': '~0.2.0',
73 silly resolved        'grunt-contrib-watch': '~0.5.3',
73 silly resolved        difflet: '~0.2.3',
73 silly resolved        semver: '2.1.0',
73 silly resolved        shelljs: '~0.2.5' },
73 silly resolved     _id: 'grunt@0.4.5',
73 silly resolved     dist:
73 silly resolved      { shasum: '56937cd5194324adff6d207631832a9d6ba4e7f0',
73 silly resolved        tarball: 'http://registry.npmjs.org/grunt/-/grunt-0.4.5.tgz' },
73 silly resolved     _from: 'grunt@',
73 silly resolved     _npmVersion: '1.4.4',
73 silly resolved     _npmUser: { name: 'cowboy', email: 'cowboy@rj3.net' },
73 silly resolved     maintainers: [ [Object], [Object] ],
73 silly resolved     directories: {},
73 silly resolved     _shasum: '56937cd5194324adff6d207631832a9d6ba4e7f0',
73 silly resolved     _resolved: 'https://registry.npmjs.org/grunt/-/grunt-0.4.5.tgz',
73 silly resolved     readme: 'ERROR: No README data found!' } ]
74 info install cli@0.6.5 into /usr/local/lib
75 info install grunt@0.4.5 into /usr/local/lib
76 info installOne cli@0.6.5
77 info installOne grunt@0.4.5
78 verbose lib/node_modules/cli unbuild
79 verbose lib/node_modules/grunt unbuild
80 verbose tar unpack /Users/kaitlynsparks/.npm/cli/0.6.5/package.tgz
81 silly lockFile a7123f8e-r-usr-local-lib-node-modules-cli tar:///usr/local/lib/node_modules/cli
82 verbose lock tar:///usr/local/lib/node_modules/cli /Users/kaitlynsparks/.npm/a7123f8e-r-usr-local-lib-node-modules-cli.lock
83 silly lockFile bf83e6d6-sparks-npm-cli-0-6-5-package-tgz tar:///Users/kaitlynsparks/.npm/cli/0.6.5/package.tgz
84 verbose lock tar:///Users/kaitlynsparks/.npm/cli/0.6.5/package.tgz /Users/kaitlynsparks/.npm/bf83e6d6-sparks-npm-cli-0-6-5-package-tgz.lock
85 verbose tar unpack /Users/kaitlynsparks/.npm/grunt/0.4.5/package.tgz
86 silly lockFile d04b7634-usr-local-lib-node-modules-grunt tar:///usr/local/lib/node_modules/grunt
87 verbose lock tar:///usr/local/lib/node_modules/grunt /Users/kaitlynsparks/.npm/d04b7634-usr-local-lib-node-modules-grunt.lock
88 silly lockFile 4fd75619-arks-npm-grunt-0-4-5-package-tgz tar:///Users/kaitlynsparks/.npm/grunt/0.4.5/package.tgz
89 verbose lock tar:///Users/kaitlynsparks/.npm/grunt/0.4.5/package.tgz /Users/kaitlynsparks/.npm/4fd75619-arks-npm-grunt-0-4-5-package-tgz.lock
90 silly gunzTarPerm modes [ '755', '644' ]
91 silly gunzTarPerm modes [ '755', '644' ]
92 error Error: EACCES, mkdir '/usr/local/lib/node_modules/cli'
92 error  { [Error: EACCES, mkdir '/usr/local/lib/node_modules/cli']
92 error   errno: 3,
92 error   code: 'EACCES',
92 error   path: '/usr/local/lib/node_modules/cli',
92 error   fstream_type: 'Directory',
92 error   fstream_path: '/usr/local/lib/node_modules/cli',
92 error   fstream_class: 'DirWriter',
92 error   fstream_stack:
92 error    [ '/usr/local/lib/node_modules/npm/node_modules/fstream/lib/dir-writer.js:36:23',
92 error      '/usr/local/lib/node_modules/npm/node_modules/mkdirp/index.js:46:53',
92 error      'Object.oncomplete (fs.js:108:15)' ] }
93 error Please try running this command again as root/Administrator.
94 error System Darwin 14.0.0
95 error command "node" "/usr/local/bin/npm" "install" "grunt" "cli" "-g"
96 error cwd /Users/kaitlynsparks/Desktop/web
97 error node -v v0.10.35
98 error npm -v 1.4.28
99 error path /usr/local/lib/node_modules/cli
100 error fstream_path /usr/local/lib/node_modules/cli
101 error fstream_type Directory
102 error fstream_class DirWriter
103 error code EACCES
104 error errno 3
105 error stack Error: EACCES, mkdir '/usr/local/lib/node_modules/cli'
106 error fstream_stack /usr/local/lib/node_modules/npm/node_modules/fstream/lib/dir-writer.js:36:23
106 error fstream_stack /usr/local/lib/node_modules/npm/node_modules/mkdirp/index.js:46:53
106 error fstream_stack Object.oncomplete (fs.js:108:15)
107 verbose exit [ 3, true ]
